  Application.cpp
C:\Users\Thomas Popay\source\repos\Pong\OpenGL\src\Application.cpp(204,84): warning C4305: 'argument': truncation from 'double' to 'float'
C:\Users\Thomas Popay\source\repos\Pong\OpenGL\src\Application.cpp(204,55): warning C4244: 'argument': conversion from 'double' to 'float', possible loss of data
C:\Users\Thomas Popay\source\repos\Pong\OpenGL\src\Application.cpp(205,83): warning C4305: 'argument': truncation from 'double' to 'float'
C:\Users\Thomas Popay\source\repos\Pong\OpenGL\src\Application.cpp(205,54): warning C4244: 'argument': conversion from 'double' to 'float', possible loss of data
C:\Users\Thomas Popay\source\repos\Pong\OpenGL\src\Application.cpp(206,127): warning C4305: 'argument': truncation from 'double' to 'float'
C:\Users\Thomas Popay\source\repos\Pong\OpenGL\src\Application.cpp(206,98): warning C4244: 'argument': conversion from 'double' to 'float', possible loss of data
C:\Users\Thomas Popay\source\repos\Pong\OpenGL\src\Application.cpp(206,67): warning C4244: 'argument': conversion from 'double' to 'float', possible loss of data
C:\Users\Thomas Popay\source\repos\Pong\OpenGL\src\Application.cpp(210,27): warning C4305: 'argument': truncation from 'double' to 'float'
C:\Users\Thomas Popay\source\repos\Pong\OpenGL\src\Application.cpp(213,28): warning C4305: 'argument': truncation from 'double' to 'float'
C:\Users\Thomas Popay\source\repos\Pong\OpenGL\src\Application.cpp(216,27): warning C4305: 'argument': truncation from 'double' to 'float'
C:\Users\Thomas Popay\source\repos\Pong\OpenGL\src\Application.cpp(219,28): warning C4305: 'argument': truncation from 'double' to 'float'
C:\Users\Thomas Popay\source\repos\Pong\OpenGL\src\Application.cpp(227,82): warning C4305: 'argument': truncation from 'double' to 'float'
C:\Users\Thomas Popay\source\repos\Pong\OpenGL\src\Application.cpp(227,47): warning C4244: 'argument': conversion from 'double' to 'float', possible loss of data
C:\Users\Thomas Popay\source\repos\Pong\OpenGL\src\Application.cpp(228,81): warning C4305: 'argument': truncation from 'double' to 'float'
C:\Users\Thomas Popay\source\repos\Pong\OpenGL\src\Application.cpp(228,46): warning C4244: 'argument': conversion from 'double' to 'float', possible loss of data
C:\Users\Thomas Popay\source\repos\Pong\OpenGL\src\Application.cpp(246,23): warning C4305: 'argument': truncation from 'double' to 'float'
LINK : warning LNK4098: defaultlib 'LIBCMT' conflicts with use of other libs; use /NODEFAULTLIB:library
  Generating code
  5 of 145 functions ( 3.4%) were compiled, the rest were copied from previous compilation.
    0 functions were new in current compilation
    0 functions had inline decision re-evaluated but remain unchanged
  Finished generating code
glew32s.lib(glew.obj) : warning LNK4099: PDB 'vc120.pdb' was not found with 'glew32s.lib(glew.obj)' or at 'C:\Users\Thomas Popay\source\repos\Pong\OpenGL\Release\vc120.pdb'; linking object as if no debug info
  OpenGL.vcxproj -> C:\Users\Thomas Popay\source\repos\Pong\OpenGL\Release\Template.exe
